<?xml version="1.0" encoding="UTF-8"?>
<testsuite xmlns:xsi="http://www.w3.org/2001/XMLSchema-instance" xsi:noNamespaceSchemaLocation="https://maven.apache.org/surefire/maven-surefire-plugin/xsd/surefire-test-report-3.0.xsd" version="3.0" name="akai.arrow.GreetingResourceTest" time="16.764" tests="1" errors="0" skipped="0" failures="0">
  <properties>
[...]
</properties>
  <testcase name="testHelloEndpoint" classname="akai.arrow.GreetingResourceTest" time="3.159">
    <system-out><![CDATA[2023-01-21 22:31:12,700 INFO  [io.sma.rea.mes.rabbitmq] (main) SRMSG17036: RabbitMQ broker configured to rabbitmq:5672 for channel books_queue
2023-01-21 22:31:12,734 INFO  [io.sma.rea.mes.rabbitmq] (main) SRMSG17006: Establishing connection with RabbitMQ broker for channel `books_queue`
2023-01-21 22:31:12,742 INFO  [io.sma.rea.mes.rabbitmq] (main) SRMSG17007: Connection with RabbitMQ broker established for channel `books_queue`
2023-01-21 22:31:12,746 INFO  [io.ver.rab.imp.RabbitMQClientImpl] (main) Starting rabbitmq client
2023-01-21 22:31:12,818 ERROR [io.ver.rab.imp.RabbitMQClientImpl] (executor-thread-0) Could not connect to rabbitmq: java.net.UnknownHostException: rabbitmq: Échec temporaire dans la résolution du nom
	at java.base/java.net.Inet6AddressImpl.lookupAllHostAddr(Native Method)
	at java.base/java.net.InetAddress$PlatformNameService.lookupAllHostAddr(InetAddress.java:933)
	at java.base/java.net.InetAddress.getAddressesFromNameService(InetAddress.java:1529)
	at java.base/java.net.InetAddress$NameServiceAddresses.get(InetAddress.java:852)
	at java.base/java.net.InetAddress.getAllByName0(InetAddress.java:1519)
	at java.base/java.net.InetAddress.getAllByName(InetAddress.java:1377)
	at java.base/java.net.InetAddress.getAllByName(InetAddress.java:1305)
	at com.rabbitmq.client.DnsRecordIpAddressResolver.resolveIpAddresses(DnsRecordIpAddressResolver.java:83)
	at com.rabbitmq.client.DnsRecordIpAddressResolver.getAddresses(DnsRecordIpAddressResolver.java:73)
	at com.rabbitmq.client.ConnectionFactory.newConnection(ConnectionFactory.java:1133)
	at com.rabbitmq.client.ConnectionFactory.newConnection(ConnectionFactory.java:1087)
	at com.rabbitmq.client.ConnectionFactory.newConnection(ConnectionFactory.java:985)
	at io.vertx.rabbitmq.impl.RabbitMQClientImpl.newConnection(RabbitMQClientImpl.java:152)
	at io.vertx.rabbitmq.impl.RabbitMQClientImpl.connect(RabbitMQClientImpl.java:830)
	at io.vertx.rabbitmq.impl.RabbitMQClientImpl.lambda$tryConnect$36(RabbitMQClientImpl.java:750)
	at io.vertx.core.impl.ContextBase.lambda$null$0(ContextBase.java:137)
	at io.vertx.core.impl.ContextInternal.dispatch(ContextInternal.java:264)
	at io.vertx.core.impl.ContextBase.lambda$executeBlocking$1(ContextBase.java:135)
	at io.vertx.core.impl.TaskQueue.run(TaskQueue.java:76)
	at io.quarkus.vertx.core.runtime.VertxCoreRecorder$14.runWith(VertxCoreRecorder.java:581)
	at org.jboss.threads.EnhancedQueueExecutor$Task.run(EnhancedQueueExecutor.java:2449)
	at org.jboss.threads.EnhancedQueueExecutor$ThreadBody.run(EnhancedQueueExecutor.java:1478)
	at org.jboss.threads.DelegatingRunnable.run(DelegatingRunnable.java:29)
	at org.jboss.threads.ThreadLocalResettingRunnable.run(ThreadLocalResettingRunnable.java:29)
	at io.netty.util.concurrent.FastThreadLocalRunnable.run(FastThreadLocalRunnable.java:30)
	at java.base/java.lang.Thread.run(Thread.java:833)

2023-01-21 22:31:12,828 INFO  [io.ver.rab.imp.RabbitMQClientImpl] (vert.x-eventloop-thread-2) Attempting to reconnect to rabbitmq...
2023-01-21 22:31:13,056 INFO  [io.quarkus] (main) quarkus-message-dispacher 1.0.0-SNAPSHOT on JVM (powered by Quarkus 2.15.3.Final) started in 7.805s. Listening on: http://localhost:8081
2023-01-21 22:31:13,057 INFO  [io.quarkus] (main) Profile test activated. 
2023-01-21 22:31:13,057 INFO  [io.quarkus] (main) Installed features: [cdi, mailer, qute, rest-client-reactive, rest-client-reactive-jackson, resteasy-reactive, smallrye-context-propagation, smallrye-openapi, smallrye-reactive-messaging, smallrye-reactive-messaging-rabbitmq, swagger-ui, vertx]
]]></system-out>
  </testcase>
</testsuite>